push back 0
 Super test 2
Time: 342.055 ms
0
193
381
596
2891
5458
5584
4698
8839
8935
11654
3793
4152
2539
2538
2537
2531
2535
2537
3581
2395
2172
2184
34849
33303
33659
33785
29001
28641
28889
30779
28674
28592
28581
28176
28684
28589
29188
29328
29433
28272
28309
27943
27319
27388
27817
27884
27633
27409
27142
26706
25147
27106
27158
27063
27129
29749
29328
30353
28553
26150
26454
24475
28095
28096
26906
25248
25675
25768
32810
33451
33723
32395
35748
35758
35778
34479
34211
34327
33707
34808
34582
34744
33672
33743
33620
33229
34579
34601
34283
34272
34270
36181
36041
36078
36028
36653
35120
37338
35630
36037
36094
37475
38708
41526
38767
36390
36728
36787
38125
35047
35378
33276
30339
30420
29529
29056
29019
29151
27601
27286
27460
27434
28171
28675
29318
30100
29904
25186
25105
25467
25713
32983
33230
34201
34472
39781
39852
19868
19908
19881
19895
21832
21889
21762
21268
15248
15256
13810
14091
12374
13521
11923
12483
12850
11197
3765
3898
5332
4522
5097
4626
4636
5422
3544
3559
5409
5753
9946
9962
10528
10318
10427
10985
10999
8313
10525
8922
9030
16199
16554
17132
17158
18177
18750
20726
20712
14041
11528
11517
13055
14066
15280
15549
49365
56126
49289
39671
40209
39264
39903
39913
40759
40818
40625
40541
39970
37974
37673
36637
35450
40760
40807
39457
39271
37659
37779
36834
38426
36793
36436
38344
38517
21247
21926
21744
22265
39958
40034
39407
39334
38495
38467
37780
37670
37683
37826
37984
36320
37013
36381
35255
35945
35786
35943
36127
44159
44145
44153
45244
44172
44165
43841
44159
44154
44166
44148
44159
44139
44126
44142
44137
45534
40799
34736
33215
43075
43312
33397
33502
32963
31915
33471
32349
32421
32523
30269
35467
35606
36066
36146
35429
35301
31982
33915
34553
34719
34486
35787
34410
29587
29616
26703
26716
33261
33467
34394
34726
34783
32236
32554
31965
33083
33200
32869
33047
31710
31721
33159
32903
32345
21953
21850
22304
22573
22558
22837
21700
24223
25172
25409
25585
24217
25439
25452
26378
24166
26388
21505
21689
22555
24153
22574
23435
21949
16600
16619
17303
19602
19922
19764
19790
18942
19796
24346
24657
21701
21714
22420
22404
24977
25121
22484
21700
22652
22167
23166
23369
22760
22942
23023
23331
23206
24028
24275
27150
25085
25109
26676
26682
26664
27144
27122
26236
26743
26730
28896
28984
27703
29608
29796
29153
28815
28828
27187
27635
27727
25913
28913
29172
28364
28874
28976
28115
25582
25753
26448
25797
24636
26298
26667
27287
25374
25850
26047
25456
24243
28911
28980
28816
28379
27585
27744
27298
27288
32120
31057
29596
28953
29156
29345
29195
29410
32710
33003
31450
31728
30128
29804
30418
31433
31715
32367
32099
32181
32062
32185
32894
32848
32386
32992
33068
30989
30874
31882
31921
30930
30798
31303
31368
30857
31622
31656
31666
31894
28790
29231
29210
29154
29650
29786
30959
31100
30379
28445
27839
28094
27523
27924
28595
28773
30507
30221
30577
30829
30426
31858
31962
30733
30713
30173
30295
30378
31123
30572
30749
30737
30773
29911
30031
29660
29312
28950
29020
30084
30008
29871
29886
29073
30188
29845
29292
29360
29334
29419
29304
28507
28246
28667
29488
29208
28808
29284
28924
22412
24133
24199
23862
23898
24029
25623
25762
24813
24410
26518
26618
26358
25731
25800
26099
26133
26320
25795
26430
26666
26342
26745
26571
26859
26961
27379
27015
25274
26563
26756
25825
25295
27499
27717
27055
26206
26558
26954
26936
26953
26944
26965
26987
27117
27411
27560
27623
27397
27768
27871
27959
27927
28294
28015
28257
26833
26366
26317
25710
25430
26710
26883
25893
26224
26248
26455
25506
25739
26757
26800
26487
27166
26670
26273
26860
26775
27724
26528
26451
26505
26438
26511
26827
26885
27016
27747
27850
28374
28449
28092
28244
28144
27957
28281
28286
28286
28057
27120
26672
27200
27156
27319
27392
28159
28629
28819
28983
29032
29146
27172
27218
27035
26992
27500
27608
27653
27598
27512
27572
27691
27302
27655
27877
28217
28274
27581
27584
28388
28433
28696
28284
28776
27992
28003
28014
28088
28186
28521
28541
28501
27884
28863
27983
29055
28656
28826
28882
29257
29230
28346
28382
29743
29710
30214
29169
29258
29143
29413
29534
29974
30088
29598
29739
30621
29117
30024
30234
30292
30079
30235
29992
29863
29245
29933
29015
28794
28730
28597
28784
28850
28891
29912
29962
30164
30004
30507
30580
30727
30478
29134
30513
29608
30680
31326
31361
31100
30937
31136
30724
30940
31042
30771
31139
31113
31331
31070
31190
31234
30785
30791
30794
47330
42999
47495
46016
46109
44231
47683
38702
37614
38271
37079
38812
33410
33318
32982
33288
33378
37925
37872
38763
36701
32463
32472
32777
33022
33258
34570
34641
34011
33631
35701
35840
34742
34760
35162
35459
35396
35601
35632
35963
35890
36048
35546
35770
37308
37215
37385
37159
36209
37900
38074
37465
37258
36744
39913
36771
37613
47696
63215
45355
45451
49170
49089
48660
52249
41204
40963
41203
40546
42923
40500
43112
39255
39390
38481
38842
39770
39840
39315
39429
39298
41202
41454
40729
43612
43789
44073
43166
42443
44591
43044
41530
43455
42929
43685
43987
33151
33301
33915
33800
34205
33672
34185
34138
35119
35148
35190
33582
34137
34273
32683
32751
32837
33029
32954
33003
32870
32948
34356
34616
35007
34787
35069
34819
35183
35154
35244
35299
35146
34609
34710
35116
35137
35198
35397
35265
34568
34907
35220
35325
35319
35517
35650
35569
36069
35739
36264
35548
35636
35766
35800
36020
35275
35240
35258
35055
34966
34982
34925
34907
35039
35175
34861
34738
35731
35604
35410
35301
34861
34920
35046
34241
34164
34110
34260
34028
33935
34465
34217
34383
34302
34265
34004
34361
34202
34247
35791
35593
35263
35175
35303
35547
34585
34681
34491
34722
34650
34527
35831
34313
34353
34132
34229
32676
31969
32288
32154
31130
31152
31448
31007
31071
30593
31458
31383
31592
31752
31635
32672
32732
30998
32541
32605
30398
30357
30580
29762
30360
30114
30594
30697
29504
29558
29740
29810
29755
29909
30047
31437
30976
30800
31252
31342
31037
30716
30914
30879
31028
31098
31145
30072
30188
31248
31201
31124
30693
30913
30242
33065
32652
32047
32342
31905
31628
32312
32356
33560
33691
33001
33079
33351
33350
33423
33725
32946
32592
32940
33299
33374
32894
33056
33359
33237
33369
33648
33708
33468
31271
31502
31479
31468
31354
31431
31232
31350
31698
31782
31150
31054
31237
30860
31033
31079
31194
31229
31229
31923
31965
32433
32751
33381
33191
32652
32819
32878
31913
31985
32014
32287
32148
32375
32347
32454
33106
36132
36605
36696
36348
36439
36490
36400
35895
36197
36268
36037
36162
34856
34927
36179
36518
36548
39543
39652
39400
38655
38699
38128
38573
38902
39080
37055
37089
35815
35898
36916
37415
34784
37838
37458
37559
34503
34304
34102
34080
34523
33194
33620
33664
33683
33831
33832
33845
33853
33904
34888
34472
34514
34256
34349
34260
34357
34642
34695
34511
34327
33565
33549
33583
33349
33446
33341
33683
33030
33152
33704
33526
32691
32929
33139
33246
33107
33196
33929
33987
34755
34981
34715
34802
34082
33816
33754
33797
33889
34910
35003
35172
35099
35146
35371
35366
35485
37058
38327
36601
36501
35808
36318
36014
35709
35982
36320
36482
36419
34774
34220
34857
34235
34484
34377
34491
34560
34556
34670
34731
34792
35078
35244
34952
35182
34997
35452
35382
29284
29414
29444
29597
29662
30183
30163
30091
29474
29621
29313
29308
29179
29155
29131
29339
28678
28756
30326
29686
29759
31038
30921
29546
29887
29923
29917
29045
30081
30215
30244
30310
29768
29977
30029
30062
30840
30759
28809
29013
29805
29848
29757
29716
29666
29949
29331
29420
29153
29114
28983
29458
29512
29486
29546
29913
29585
29349
29471
29702
29544
30383
30521
30257
29912
30055
30236
30185
30181
30079
30174
30135
31379
29671
29789
30014
29973
29891
29814
29864
29887
29965
29917
29834
29787
29797
29854
29905
30036
30154
29959
30079
29977
29505
29550
29856
29920
29695
29536
30201
29923
30890
29857
29846
29907
30043
30146
29959
30442
31276
31502
31575
31755
31824
31706
31830
31905
31984
31938
31791
31953
31299
31359
31007
31094
31243
30623
31043
31237
31024
31180
32031
32039
31898
32031
32265
31637
31476
32435
32549
32643
32461
31505
31550
31546
31623
31540
31341
31375
32073
31676
31581
31517
31385
32006
32009
31953
32041
31936
31979
32071
31874
32325
32204
32683
32876
31787
31584
31422
31763
31823
30147
30115
30541
30502
30239
30282
30646
30693
30912
30612
30472
30788
30881
30931
30652
30563
30649
30639
30607
30502
30749
30333
30628
30277
30140
30803
30851
30503
30377
30824
30826
30809
30882
30943
30997
30812
31126
30667
31331
31374
31039
31409
30971
30959
30805
31251
31283
31427
30974
31180
31362
31199
31232
31264
31313
31394
31635
31455
31457
31467
31692
31760
31592
31574
31257
31299
31546
31499
31336
30847
30977
31139
31121
31164
31232
31324
31209
31448
31531
31937
31005
28738
29085
29109
29225
29409
29407
29463
29552
29568
29267
29487
29217
29367
29788
29788
29955
29750
30882
30916
29787
30248
29793
29773
29806
29992
30135
30218
30468
30659
30699
31383
30779
29609
29878
29807
29985
29989
30095
30092
30117
30184
30311
29725
30047
29928
30163
30088
30204
30374
30314
30297
30205
30244
30260
31071
30302
31189
30406
30532
30890
30479
30551
30658
30769
30729
30907
30852
30772
31444
32127
30746
33040
31980
32183
32076
32128
32156
31982
32137
31345
31592
31607
31633
32150
31800
31804
31810
31919
31945
32057
31993
32101
32152
32245
32345
31916
32085
32044
32328
32447
32866
32372
32658
32659
32640
32647
32300
32154
30464
30433
30531
30602
30344
30294
30360
30727
30399
30693
30704
31145
30711
30814
30825
30813
30829
30864
30941
31107
30941
31099
31125
31133
31060
30992
31053
30806
30568
30658
31043
30731
30734
31155
30846
31253
31103
31598
31889
31989
31805
32016
31438
32338
31177
31359
31184
31245
31242
31359
31267
32282
31780
32338
32004
32086
30973
31082
31567
31173
31049
31760
31811
32007
32402
32798
31637
32356
32489
31975
32549
31911
31809
31817
31877
32022
32290
31895
32051
32041
32063
32106
32234
32214
32221
32274
32250
32169
32213
32131
32169
32233
32232
32426
32382
32490
32437
32764
32228
32218
32336
32288
32977
32989
33082
33618
32652
32603
32579
32346
32491
32679
32808
32973
33037
33022
33196
33120
32661
32823
32698
32558
32917
33098
33081
33457
32734
32857
32973
32758
32529
33099
33263
32972
32805
32357
32427
32247
32931
33134
33219
33483
33522
33672
33639
33352
33624
33278
33660
33577
33891
33960
33979
33978
33961
33517
33554
33240
33070
33132
33216
33011
32878
32628
32893
33397
33311
33371
33221
33136
33247
33659
33772
33531
32227
32324
32080
31819
32136
32076
31793
31839
32098
32241
32187
32331
32575
32673
32339
32322
32405
32495
32314
32628
32717
32567
31658
31790
32001
32817
32839
32009
32032
32289
32161
32108
32328
32453
32885
32664
32479
32420
32655
32640
32557
32732
33293
32762
32536
32842
32718
33415
33170
33262
33300
33307
33279
33412
33355
33353
33226
33277
32886
33019
32958
33114
32867
32934
33352
33302
33386
33201
33209
33022
32534
32612
32569
32500
32878
32838
32797
32896
32585
32737
32925
32982
33074
33154
32836
32901
33117
33105
33090
32907
33042
32929
33126
33188
33321
33268
33085
33379
33240
33305
33410
33430
33564
34289
34333
34469
34330
34776
34355
34429
34160
34674
34985
34806
34698
34744
34293
33814
33672
33778
33810
33925
34160
34236
33986
34282
33853
33944
34002
33979
34552
34414
34586
35213
35360
35496
35044
35101
34967
35124
34902
35180
34547
35398
35173
35125
35453
34939
34640
35670
34292
34429
34742
34589
34928
34837
34913
34214
34323
34585
34535
34764
34910
34886
34823
34761
34886
34752
34679
35155
34296
34947
34848
35109
34983
34945
33536
33606
33621
33698
33806
33767
33773
33895
33530
33393
33584
33461
33308
33824
33889
33717
33961
34154
33865
33926
34073
34069
34130
34173
34762
34661
34030
34038
33790
33912
34032
33379
33404
33337
33468
33697
33562
33607
33693
33394
34007
34069
34329
33854
33935
34055
33876
34224
34257
34611
34380
34446
34496
34512
34330
34562
34775
34241
34288
34577
34647
34667
35177
34928
35040
34754
34722
34709
34890
35064
34834
34413
34470
34703
34853
35282
34947
34685
32388
32419
32500
32562
32696
32807
32931
32991
32466
32978
32799
32931
33002
32821
32836
33205
32896
33158
33180
33374
33512
33465
33427
33254
33450
33278
33562
33654
33558
33543
33255
33121
33549
33517
33340
33018
33366
33414
33641
33381
33506
33605
33810
34128
33571
33660
33154
33139
33198
33185
33319
33557
33646
33819
33992
33828
34344
33896
34245
34859
35873
33567
33745
33670
33791
34148
33953
34354
34432
34283
33885
34148
34231
34033
34336
34321
34581
34534
34585
34633
34678
34448
34585
34407
34479
34420
34376
34714
34643
34767
34936
34928
35125
34891
35100
34670
34757
34778
34786
35017
34817
34849
35020
35046
35059
35292
35069
35373
35427
34551
34837
34887
35057
35087
35182
35284
35046
35079
35235
35398
35522
35721
35565
35685
35679
35860
36282
35816
35900
35995
39247
39527
38359
38116
39136
40114
41025
41204
39479
38804
37446
39549
39053
40158
39683
37630
37819
36407
36549
37267
36353
37796
37966
37395
37667
36766
36188
36247
35983
36055
36082
36148
36360
35724
36232
36285
36484
36844
36366
36486
36601
36502
36931
35929
36280
36103
37010
37538
37480
37069
36626
36715
36851
36355
36290
36158
36452
36510
36876
36855
36924
36920
39357
39438
39609
38310
37839
37592
37567
38094
37155
38143
37253
37184
37171
37627
38023
37863
37722
37774
37916
38889
38968
38309
38203
38278
38354
38378
38789
39296
38778
39075
39176
38108
38063
38137
38190
38593
41720
42938
40102
39913
41146
41250
40965
41587
41702
41799
44243
44232
42194
42902
43252
43405
43366
43038
43527
43706
39777
40060
40020
40237
40169
40613
39895
39718
39862
39936
40079
41213
41079
41010
40934
40953
40438
41180
41029
40525
40525
39894
39441
40263
40473
40497
40086
40513
40573
40598
39308
39379
38933
39223
39088
39375
39436
39615
39608
39509
39577
38911
38896
38610
39866
39970
39823
40247
40263
40566
40717
39480
39660
40195
41611
41919
41270
41259
41645
40777
41022
40969
41011
41083
41192
41561
41222
41209
41579
41286
41355
41079
40827
42535
41677
42332
42087
42193
41969
42424
40658
40487
39967
40243
41439
41448
41567
41106
41346
41432
41184
40856
40486
40573
40840
41077
41143
40934
35642
35735
35319
35373
35775
35835
35845
36086
35139
35215
35218
35320
35651
35722
35377
35526
35387
35406
35639
35686
36826
36893
36499
37242
36417
36612
36697
36133
36057
36268
36312
35945
36356
36006
36683
36229
35326
35300
35129
35462
35827
35184
35653
35752
35738
35402
35427
35354
35912
36594
36712
36291
36183
37750
37833
37229
37351
37528
37621
37255
37136
37035
37094
36696
37549
37641
37818
38370
38477
37795
37725
37412
37180
37301
37276
37322
37117
37612
37580
30148
37277
37290
36528
36567
36727
37107
37244
36980
37013
37581
37850
37613
37897
37415
37219
37425
37918
38012
37464
35052
35175
35253
35400
35616
35435
35401
35272
35402
35559
35340
35497
35505
35452
35452
35694
35584
35892
35939
36042
35932
36038
35806
35859
35859
36177
37027
37154
36869
36166
36248
36259
36703
36210
36305
36640
37111
37209
37368
35622
35667
35823
36046
36040
35962
36161
36174
36177
36230
36404
36354
36409
36409
36415
36460
36536
36672
37628
37496
37376
36538
36665
36787
37556
37617
37450
37562
37077
37167
37218
37294
37639
37335
37573
37146
37278
37399
37673
37513
37855
36881
37152
37332
37236
37554
37634
37485
37686
37647
37674
37719
37720
37782
38079
38248
38090
38142
38263
38272
38330
37769
37578
37648
37843
37875
37710
37852
38051
38222
38716
38194
38553
38307
38417
38345
38731
38775
38852
38652
38792
39176
39314
39491
38445
38926
38737
39087
38846
39087
38417
38397
38068
37919
37982
38078
38241
38448
38496
38822
38678
38614
38438
39250
39306
39411
39532
39699
38741
38769
38558
38835
39055
38928
38758
39525
39568
39519
39374
39400
39112
37929
38272
38427
38651
38729
38918
39210
38932
38686
38610
38826
39217
39076
39142
39184
38952
38912
39016
39500
39553
39441
39575
39292
39838
40279
40100
40143
40331
40489
40588
39982
39896
40200
40265
40930
41185
41256
40610
40450
40373
40691
39714
40218
39601
40160
40256
39707
39716
40332
40345
40201
39943
39906
40185
40602
40262
40113
40709
41016
40397
38414
38461
38685
38864
38803
38920
39061
39467
39265
39675
39723
39185
39382
39117
39370
39606
39549
39813
39850
39939
40690
40757
40817
40395
40895
40553
40181
40322
40477
40860
40942
40757
40826
40825
40563
40649
41624
42157
41160
42270
42336
41871
40643
49752
50407
50468
44903
48371
44882
52792
48872
49357
50376
52262
42785
42955
43384
43128
43212
44421
43404
43670
43652
48035
48114
47426
47859
44727
44868
44478
44659
45315
45378
44861
42420
43206
43405
44376
44388
43233
43206
42483
43887
43875
43900
43912
43082
43390
42775
41917
41545
41581
41498
41472
41804
42036
42475
42374
42390
42462
42542
42825
42256
42460
44461
44473
44706
44913
43426
43439
44978
43993
43872
43921
44268
44061
42800
42808
43488
43730
43128
43724
46845
47399
46077
47713
47794
46272
48228
48369
47706
47004
47017
46152
46165
46582
46698
44893
46066
45826
46428
45041
45204
45276
44738
44340
45003
44480
44962
45040
43970
46752
47080
46880
46949
46726
46355
46594
46149
44270
47036
47171
41123
41288
41449
42498
42846
42549
42083
42912
42830
40741
40969
42107
42170
41742
41252
42307
42413
42076
41671
42083
41663
41308
41410
42012
41968
43953
43122
43231
43723
43739
44296
43673
43691
42304
43083
43116
43359
42639
42637
41677
42774
43198
43370
42552
42876
43088
42668
41969
43039
43138
42808
42963
42654
43350
43337
43803
43932
44370
43867
43887
43921
43902
43253
43269
44493
43360
43498
44096
44113
43416
44840
45051
45179
44385
44459
44485
44535
44090
43333
44976
45116
44671
43317
43807
43823
43841
45914
46081
45101
44900
44510
45172
45288
44776
46042
44996
45644
45655
48047
48189
47768
47065
47096
47578
47999
48054
49192
49264
48922
47987
50357
49758
49552
49830
49868
48622
49121
49757
50324
53843
54709
62797
57209
54719
52516
50838
50893
50024
50240
51173
51048
46338
47937
47979
46934
48023
49035
49799
47801
47834
47596
49131
50469
50621
50310
49529
49514
49649
49502
49634
50524
50619
49944
50086
50914
51177
51316
53062
53337
53889
52822
54098
52833
55839
54463
54998
55213
53964
61969
59205
59377
65286
69102
5930
6612
7026
11544
13702
20291
16787
20227
17963
22987
23832
21246
23784
25116
25407
21286
31752
37159
32754
25044
26312
26667
26849
27247
27258
31862
32218
29672
31533
30798
33052
25491
27693
28376
28755
30411
30969
31494
31188
31199
31722
32092
32287
32393
32366
30838
32206
32456
34461
32876
37774
28235
30256
30835
29472
30717
30344
30306
30863
30556
30741
30168
31158
30659
30760
30784
30773
31519
32082
33604
32497
33224
32559
33765
33986
30623
30852
32189
33167
34239
31495
31587
31675
32057
32192
33799
34453
34619
34635
35021
34580
32298
32286
36162
36010
36923
37412
34029
34353
34604
34615
37210
34326
40971
29729
30220
31264
31554
31607
31709
33354
33392
33537
34274
33135
33249
33471
33488
33504
33711
33744
34403
33793
35054
35379
35469
35916
35192
35993
36337
35801
35943
33695
33691
33740
33913
33751
33817
35139
36806
36776
38467
36085
36649
40468
34881
35502
35236
35320
36828
37642
37703
41174
41223
36692
36782
36848
37122
37168
38021
38190
38980
40038
40163
39005
39168
37854
38488
38195
38209
38332
38346
38473
39791
39949
40870
41077
41153
40085
40987
40076
39927
40364
39514
40443
40779
40884
41089
40313
41746
41840
41511
40039
40050
41767
41938
44955
45874
48377
46194
41496
41684
41396
41690
42021
46777
47185
37510
37662
37256
37419
38531
38605
38466
38744
38607
38961
39088
39141
39205
37862
37959
37998
38043
38303
38345
38364
38519
38490
38609
38631
38913
38481
38716
38616
39450
39171
38705
38845
39072
39243
39359
39395
39826
40849
39685
41034
39320
39783
39822
40073
38578
38683
38637
38713
38785
38781
39074
39302
39188
39365
39339
39712
39457
39651
39831
39061
39365
39384
39687
39486
39790
39821
40001
39861
40090
40156
40137
40220
40124
40397
40442
41900
42047
41695
40621
41487
41420
42724
41310
40540
40558
41368
41383
42932
41359
41393
41356
41369
43732
43718
43706
45624
42281
42295
44500
44829
41863
41973
41883
41995
44373
43961
39572
39797
40021
40147
40304
40435
40393
41664
41986
41355
40204
40243
40327
40402
40782
40852
41055
41283
41393
42438
42460
42274
42227
41194
42208
42336
43473
43398
44241
44062
44284
44426
43588
43902
43041
43971
43707
43722
45573
48186
50928
46742
47390
49996
53816
51004
48637
50252
53200
50978
43621
43138
42751
44457
43937
44850
44467
45083
45112
45049
45245
45398
45640
45377
45406
45397
47270
45698
46016
47750
48602
47955
48674
30305
